<?xml version="1.0" encoding="UTF-8"?>
<!-- Generated by org.testng.reporters.JUnitXMLReporter -->
<testsuite ignored="0" hostname="quicksilver" failures="0" tests="5" name="Pet and Store test" time="6.436" errors="0" timestamp="2024-04-07T21:18:50 BRT">
  <testcase classname="tests.PetTest" name="petnotfound" time="2.065"/>
  <testcase classname="tests.PetTest" name="searchPetsStatusPending" time="1.556"/>
  <testcase classname="tests.PetTest" name="updateaPet" time="0.929"/>
  <testcase classname="tests.StoreTest" name="testPlaceanOrder" time="0.733"/>
  <testcase classname="tests.StoreTest" name="testPlaceaninvalidOrder" time="0.725"/>
</testsuite> <!-- Pet and Store test -->
