<?xml version="1.0" encoding="UTF-8"?>
<!-- Generated by org.testng.reporters.JUnitXMLReporter -->
<testsuite ignored="0" hostname="quicksilver" failures="0" tests="5" name="Pet and Store test" time="6.356" errors="0" timestamp="2024-04-08T09:43:35 BRT">
  <testcase classname="tests.PetTest" name="petnotfound" time="2.002"/>
  <testcase classname="tests.PetTest" name="searchPetsStatusPending" time="1.52"/>
  <testcase classname="tests.PetTest" name="updateaPet" time="0.965"/>
  <testcase classname="tests.StoreTest" name="testPlaceanOrder" time="0.747"/>
  <testcase classname="tests.StoreTest" name="testPlaceaninvalidOrder" time="0.729"/>
</testsuite> <!-- Pet and Store test -->
