<?xml version="1.0" encoding="UTF-8" ?>
<testsuite tests="5" failures="0" name="TestSuite" time="5.963" errors="0" skipped="0">
  <properties>
[...]
</properties>
  <testcase classname="tests.PetTest" name="petnotfound" time="2.004"/>
  <testcase classname="tests.PetTest" name="searchPetsStatusPending" time="1.52"/>
  <testcase classname="tests.PetTest" name="updateaPet" time="0.965"/>
  <testcase classname="tests.StoreTest" name="testPlaceanOrder" time="0.746"/>
  <testcase classname="tests.StoreTest" name="testPlaceaninvalidOrder" time="0.728"/>
</testsuite>