<?xml version="1.0" encoding="UTF-8"?>
<testng-results ignored="0" total="5" passed="5" failed="0" skipped="0">
  <reporter-output>
  </reporter-output>
  <suite started-at="2024-04-08T09:43:29 BRT" name="Demo Suite" finished-at="2024-04-08T09:43:35 BRT" duration-ms="6356">
    <groups>
    </groups>
    <test started-at="2024-04-08T09:43:29 BRT" name="Pet and Store test" finished-at="2024-04-08T09:43:35 BRT" duration-ms="6356">
      <class name="tests.StoreTest">
        <test-method is-config="true" signature="setUp()[pri:0, instance:tests.StoreTest@1f0f1111]" started-at="2024-04-08T09:43:33 BRT" name="setUp" finished-at="2024-04-08T09:43:33 BRT" duration-ms="1" status="PASS">
          <reporter-output>
          </reporter-output>
        </test-method> <!-- setUp -->
        <test-method signature="testPlaceanOrder()[pri:0, instance:tests.StoreTest@1f0f1111]" started-at="2024-04-08T09:43:33 BRT" name="testPlaceanOrder" finished-at="2024-04-08T09:43:34 BRT" duration-ms="747" status="PASS">
          <reporter-output>
          </reporter-output>
        </test-method> <!-- testPlaceanOrder -->
        <test-method signature="testPlaceaninvalidOrder()[pri:0, instance:tests.StoreTest@1f0f1111]" started-at="2024-04-08T09:43:34 BRT" name="testPlaceaninvalidOrder" finished-at="2024-04-08T09:43:35 BRT" duration-ms="729" status="PASS">
          <reporter-output>
          </reporter-output>
        </test-method> <!-- testPlaceaninvalidOrder -->
      </class> <!-- tests.StoreTest -->
      <class name="tests.PetTest">
        <test-method is-config="true" signature="setUp()[pri:0, instance:tests.PetTest@6d2a209c]" started-at="2024-04-08T09:43:29 BRT" name="setUp" finished-at="2024-04-08T09:43:29 BRT" duration-ms="357" status="PASS">
          <reporter-output>
          </reporter-output>
        </test-method> <!-- setUp -->
        <test-method signature="petnotfound()[pri:0, instance:tests.PetTest@6d2a209c]" started-at="2024-04-08T09:43:29 BRT" name="petnotfound" finished-at="2024-04-08T09:43:31 BRT" duration-ms="2002" status="PASS">
          <reporter-output>
          </reporter-output>
        </test-method> <!-- petnotfound -->
        <test-method signature="searchPetsStatusPending()[pri:0, instance:tests.PetTest@6d2a209c]" started-at="2024-04-08T09:43:31 BRT" name="searchPetsStatusPending" finished-at="2024-04-08T09:43:32 BRT" duration-ms="1520" status="PASS">
          <reporter-output>
          </reporter-output>
        </test-method> <!-- searchPetsStatusPending -->
        <test-method signature="updateaPet()[pri:0, instance:tests.PetTest@6d2a209c]" started-at="2024-04-08T09:43:32 BRT" name="updateaPet" finished-at="2024-04-08T09:43:33 BRT" duration-ms="965" status="PASS">
          <reporter-output>
          </reporter-output>
        </test-method> <!-- updateaPet -->
      </class> <!-- tests.PetTest -->
    </test> <!-- Pet and Store test -->
  </suite> <!-- Demo Suite -->
</testng-results>
