<?xml version="1.0" encoding="UTF-8"?>
<testng-results ignored="0" total="5" passed="5" failed="0" skipped="0">
  <reporter-output>
  </reporter-output>
  <suite started-at="2024-04-07T21:18:43 BRT" name="Demo Suite" finished-at="2024-04-07T21:18:50 BRT" duration-ms="6436">
    <groups>
    </groups>
    <test started-at="2024-04-07T21:18:43 BRT" name="Pet and Store test" finished-at="2024-04-07T21:18:50 BRT" duration-ms="6436">
      <class name="tests.StoreTest">
        <test-method is-config="true" signature="setUp()[pri:0, instance:tests.StoreTest@1f0f1111]" started-at="2024-04-07T21:18:48 BRT" name="setUp" finished-at="2024-04-07T21:18:48 BRT" duration-ms="1" status="PASS">
          <reporter-output>
          </reporter-output>
        </test-method> <!-- setUp -->
        <test-method signature="testPlaceanOrder()[pri:0, instance:tests.StoreTest@1f0f1111]" started-at="2024-04-07T21:18:48 BRT" name="testPlaceanOrder" finished-at="2024-04-07T21:18:49 BRT" duration-ms="733" status="PASS">
          <reporter-output>
          </reporter-output>
        </test-method> <!-- testPlaceanOrder -->
        <test-method signature="testPlaceaninvalidOrder()[pri:0, instance:tests.StoreTest@1f0f1111]" started-at="2024-04-07T21:18:49 BRT" name="testPlaceaninvalidOrder" finished-at="2024-04-07T21:18:50 BRT" duration-ms="725" status="PASS">
          <reporter-output>
          </reporter-output>
        </test-method> <!-- testPlaceaninvalidOrder -->
      </class> <!-- tests.StoreTest -->
      <class name="tests.PetTest">
        <test-method is-config="true" signature="setUp()[pri:0, instance:tests.PetTest@6d2a209c]" started-at="2024-04-07T21:18:43 BRT" name="setUp" finished-at="2024-04-07T21:18:44 BRT" duration-ms="396" status="PASS">
          <reporter-output>
          </reporter-output>
        </test-method> <!-- setUp -->
        <test-method signature="petnotfound()[pri:0, instance:tests.PetTest@6d2a209c]" started-at="2024-04-07T21:18:44 BRT" name="petnotfound" finished-at="2024-04-07T21:18:46 BRT" duration-ms="2065" status="PASS">
          <reporter-output>
          </reporter-output>
        </test-method> <!-- petnotfound -->
        <test-method signature="searchPetsStatusPending()[pri:0, instance:tests.PetTest@6d2a209c]" started-at="2024-04-07T21:18:46 BRT" name="searchPetsStatusPending" finished-at="2024-04-07T21:18:47 BRT" duration-ms="1556" status="PASS">
          <reporter-output>
          </reporter-output>
        </test-method> <!-- searchPetsStatusPending -->
        <test-method signature="updateaPet()[pri:0, instance:tests.PetTest@6d2a209c]" started-at="2024-04-07T21:18:47 BRT" name="updateaPet" finished-at="2024-04-07T21:18:48 BRT" duration-ms="929" status="PASS">
          <reporter-output>
          </reporter-output>
        </test-method> <!-- updateaPet -->
      </class> <!-- tests.PetTest -->
    </test> <!-- Pet and Store test -->
  </suite> <!-- Demo Suite -->
</testng-results>
