<?xml version="1.0" encoding="UTF-8"?>
<testng-results ignored="0" total="3" passed="3" failed="0" skipped="0">
  <reporter-output>
  </reporter-output>
  <suite started-at="2024-04-07T18:55:36Z" name="Default suite" finished-at="2024-04-07T18:55:40Z" duration-ms="4403">
    <groups>
    </groups>
    <test started-at="2024-04-07T18:55:36Z" name="Default test" finished-at="2024-04-07T18:55:40Z" duration-ms="4403">
      <class name="tests.PetTest">
        <test-method is-config="true" signature="setUp()[pri:0, instance:tests.PetTest@795509d9]" started-at="2024-04-07T19:55:36Z" name="setUp" finished-at="2024-04-07T19:55:36Z" duration-ms="501" status="PASS">
          <reporter-output>
          </reporter-output>
        </test-method> <!-- setUp -->
        <test-method signature="petnotfound()[pri:0, instance:tests.PetTest@795509d9]" started-at="2024-04-07T19:55:36Z" name="petnotfound" finished-at="2024-04-07T19:55:38Z" duration-ms="1814" status="PASS">
          <reporter-output>
          </reporter-output>
        </test-method> <!-- petnotfound -->
        <test-method signature="searchPetsStatusPending()[pri:0, instance:tests.PetTest@795509d9]" started-at="2024-04-07T19:55:38Z" name="searchPetsStatusPending" finished-at="2024-04-07T19:55:39Z" duration-ms="1305" status="PASS">
          <reporter-output>
          </reporter-output>
        </test-method> <!-- searchPetsStatusPending -->
        <test-method signature="updateaPet()[pri:0, instance:tests.PetTest@795509d9]" started-at="2024-04-07T19:55:39Z" name="updateaPet" finished-at="2024-04-07T19:55:40Z" duration-ms="759" status="PASS">
          <reporter-output>
          </reporter-output>
        </test-method> <!-- updateaPet -->
      </class> <!-- tests.PetTest -->
    </test> <!-- Default test -->
  </suite> <!-- Default suite -->
</testng-results>
